c:\users\安藤 歩夢\documents\github\3dgame_2025summer\ando_game\ando_game\x64\debug\vc143.pdb
c:\users\安藤 歩夢\documents\github\3dgame_2025summer\ando_game\ando_game\x64\debug\vc143.idb
c:\users\安藤 歩夢\documents\github\3dgame_2025summer\ando_game\ando_game\x64\debug\vector3.obj
c:\users\安藤 歩夢\documents\github\3dgame_2025summer\ando_game\ando_game\x64\debug\scenemain.obj
c:\users\安藤 歩夢\documents\github\3dgame_2025summer\ando_game\ando_game\x64\debug\scenetitle.obj
c:\users\安藤 歩夢\documents\github\3dgame_2025summer\ando_game\ando_game\x64\debug\scenemanager.obj
c:\users\安藤 歩夢\documents\github\3dgame_2025summer\ando_game\ando_game\x64\debug\pad.obj
c:\users\安藤 歩夢\documents\github\3dgame_2025summer\ando_game\ando_game\x64\debug\player.obj
c:\users\安藤 歩夢\documents\github\3dgame_2025summer\ando_game\ando_game\x64\debug\main.obj
c:\users\安藤 歩夢\documents\github\3dgame_2025summer\ando_game\ando_game\x64\debug\sceneclear .obj
c:\users\安藤 歩夢\documents\github\3dgame_2025summer\ando_game\ando_game\x64\debug\camera.obj
c:\users\安藤 歩夢\documents\github\3dgame_2025summer\ando_game\ando_game\x64\debug\inputmanager.obj
c:\users\安藤 歩夢\documents\github\3dgame_2025summer\ando_game\ando_game\x64\debug\map.obj
c:\users\安藤 歩夢\documents\github\3dgame_2025summer\ando_game\x64\debug\ando_game.exe
c:\users\安藤 歩夢\documents\github\3dgame_2025summer\ando_game\x64\debug\ando_game.pdb
c:\users\安藤 歩夢\documents\github\3dgame_2025summer\ando_game\ando_game\x64\debug\ando_game.ilk
c:\users\安藤 歩夢\documents\github\3dgame_2025summer\ando_game\ando_game\x64\debug\velocity.obj
c:\users\安藤 歩夢\documents\github\3dgame_2025summer\ando_game\ando_game\x64\debug\ando_game.tlog\cl.command.1.tlog
c:\users\安藤 歩夢\documents\github\3dgame_2025summer\ando_game\ando_game\x64\debug\ando_game.tlog\cl.items.tlog
c:\users\安藤 歩夢\documents\github\3dgame_2025summer\ando_game\ando_game\x64\debug\ando_game.tlog\cl.read.1.tlog
c:\users\安藤 歩夢\documents\github\3dgame_2025summer\ando_game\ando_game\x64\debug\ando_game.tlog\cl.write.1.tlog
c:\users\安藤 歩夢\documents\github\3dgame_2025summer\ando_game\ando_game\x64\debug\ando_game.tlog\link.command.1.tlog
c:\users\安藤 歩夢\documents\github\3dgame_2025summer\ando_game\ando_game\x64\debug\ando_game.tlog\link.read.1.tlog
c:\users\安藤 歩夢\documents\github\3dgame_2025summer\ando_game\ando_game\x64\debug\ando_game.tlog\link.secondary.1.tlog
c:\users\安藤 歩夢\documents\github\3dgame_2025summer\ando_game\ando_game\x64\debug\ando_game.tlog\link.write.1.tlog
